3 CA 58.269
4 CA 53.109
7 CA 62.552
8 CA 55.966
9 CA 55.933
10 CA 52.747
11 CA 61.987
12 CA 55.746
13 CA 58.099
14 CA 57.940
15 CA 45.115
16 CA 52.147
17 CA 55.579
19 CA 61.770
20 CA 53.454
22 CA 45.209
23 CA 55.791
24 CA 45.147
25 CA 58.064
26 CA 58.066
27 CA 56.049
28 CA 56.094
29 CA 58.282
30 CA 58.293
31 CA 53.565
33 CA 57.901
34 CA 45.188
35 CA 55.855
36 CA 55.869
37 CA 58.076
38 CA 57.862
39 CA 58.353
40 CA 45.147
41 CA 57.901
42 CA 58.042
43 CA 55.868
44 CA 58.316
45 CA 61.962
46 CA 54.328
47 CA 61.755
48 CA 59.346
49 CA 45.271
50 CA 58.112
51 CA 45.295
52 CA 55.835
53 CA 58.476
54 CA 58.453
55 CA 58.125
56 CA 58.114
57 CA 58.278
58 CA 58.185
59 CA 45.292
60 CA 55.791
61 CA 58.465
62 CA 55.896
63 CA 53.255
64 CA 61.944
65 CA 45.157
67 CA 45.299
68 CA 61.915
69 CA 55.720
70 CA 58.259
71 CA 59.601
73 CA 55.995
74 CA 45.033
75 CA 58.112
76 CA 45.198
77 CA 58.385
78 CA 61.973
79 CA 45.333
80 CA 44.991
81 CA 58.153
82 CA 45.240
83 CA 58.298
84 CA 58.455
85 CA 56.020
86 CA 58.408
87 CA 58.496
88 CA 55.943
89 CA 58.408
90 CA 58.326
91 CA 58.250
92 CA 45.292
93 CA 55.835
95 CA 58.339
96 CA 58.130
97 CA 55.488
99 CA 45.095
100 CA 58.173
101 CA 45.157
102 CA 55.576
103 CA 53.577
105 CA 50.289
107 CA 58.202
108 CA 58.433
109 CA 61.813
110 CA 58.578
111 CA 45.323
112 CA 58.124
113 CA 58.088
114 CA 45.188
115 CA 58.327
116 CA 58.455
117 CA 58.425
118 CA 55.943
119 CA 58.339
120 CA 58.492
121 CA 58.297
122 CA 58.190
123 CA 45.012
124 CA 53.544
126 CA 55.777
127 CA 58.362
128 CA 45.323
129 CA 58.211
131 CA 58.081
132 CA 55.559
133 CA 53.667
135 CA 58.037
136 CA 57.919
137 CA 45.292
138 CA 45.167
139 CA 55.878
140 CA 56.016
141 CA 55.896
142 CA 58.065
143 CA 58.013
144 CA 45.271
145 CA 55.835
146 CA 55.945
147 CA 55.880
148 CA 58.099
149 CA 57.607
150 CA 50.689
153 CA 55.943
154 CA 45.033
155 CA 58.173
156 CA 45.198
157 CA 55.835
158 CA 55.928
159 CA 53.230
160 CA 55.940
161 CA 57.628
162 CA 53.109
163 CA 59.967
3 H 8.689
4 H 8.507
7 H 8.018
8 H 8.174
9 H 8.257
10 H 8.332
11 H 8.054
12 H 8.276
13 H 8.234
14 H 8.185
15 H 8.198
16 H 7.923
17 H 8.046
19 H 8.122
20 H 8.282
22 H 8.478
23 H 8.141
24 H 8.411
25 H 8.031
26 H 8.209
27 H 8.348
28 H 8.356
29 H 8.305
30 H 8.289
31 H 8.218
33 H 8.151
34 H 8.191
35 H 8.128
36 H 8.418
37 H 8.247
38 H 8.213
39 H 8.241
40 H 7.795
41 H 7.953
42 H 8.170
43 H 8.331
44 H 8.337
45 H 8.161
46 H 8.303
47 H 8.207
48 H 8.355
49 H 8.303
50 H 8.032
51 H 8.348
52 H 8.129
53 H 8.377
54 H 8.258
55 H 8.104
56 H 8.078
57 H 8.179
58 H 8.093
59 H 8.230
60 H 8.095
61 H 8.343
62 H 8.395
63 H 8.423
64 H 8.110
65 H 8.313
67 H 8.336
68 H 8.036
69 H 8.435
70 H 8.338
71 H 8.129
73 H 8.418
74 H 8.305
75 H 8.072
76 H 8.357
77 H 8.190
78 H 8.220
79 H 8.311
80 H 8.141
81 H 8.122
82 H 8.359
83 H 8.142
84 H 8.406
85 H 8.371
86 H 8.285
87 H 8.319
88 H 8.326
89 H 8.269
90 H 8.225
91 H 8.127
92 H 8.232
93 H 8.125
95 H 8.296
96 H 8.139
97 H 8.074
99 H 7.895
100 H 7.911
101 H 8.336
102 H 8.078
103 H 8.405
105 H 8.358
107 H 8.380
108 H 8.389
109 H 8.195
110 H 8.238
111 H 8.342
112 H 8.094
113 H 8.249
114 H 8.279
115 H 8.172
116 H 8.418
117 H 8.322
118 H 8.317
119 H 8.290
120 H 8.319
121 H 8.233
122 H 8.075
123 H 8.212
124 H 8.056
126 H 8.544
127 H 8.358
128 H 8.407
129 H 8.115
131 H 8.110
132 H 8.236
133 H 8.310
135 H 8.279
136 H 8.180
137 H 8.330
138 H 7.937
139 H 8.261
140 H 8.461
141 H 8.397
142 H 8.252
143 H 8.220
144 H 8.304
145 H 8.167
146 H 8.443
147 H 8.407
148 H 8.261
149 H 8.191
150 H 8.211
153 H 8.438
154 H 8.341
155 H 8.099
156 H 8.379
157 H 8.164
158 H 8.466
159 H 8.445
160 H 8.284
161 H 8.189
162 H 8.278
163 H 7.842
3 N 115.579
4 N 120.135
7 N 115.329
8 N 122.014
9 N 121.139
10 N 124.973
11 N 113.027
12 N 122.313
13 N 116.819
14 N 122.124
15 N 110.388
16 N 123.280
17 N 120.124
19 N 114.184
20 N 123.237
22 N 109.487
23 N 119.430
24 N 109.768
25 N 120.046
26 N 117.611
27 N 122.226
28 N 121.087
29 N 116.663
30 N 117.463
31 N 122.337
33 N 120.020
34 N 110.624
35 N 119.697
36 N 121.347
37 N 116.571
38 N 122.239
39 N 117.862
40 N 110.096
41 N 119.944
42 N 117.845
43 N 122.287
44 N 116.764
45 N 115.289
46 N 122.651
47 N 114.521
48 N 118.182
49 N 110.344
50 N 120.135
51 N 110.641
52 N 119.724
53 N 116.683
54 N 117.379
55 N 121.723
56 N 116.988
57 N 117.688
58 N 121.834
59 N 110.439
60 N 119.592
61 N 116.678
62 N 121.573
63 N 119.566
64 N 113.726
65 N 110.502
67 N 110.734
68 N 113.440
69 N 122.325
70 N 117.080
71 N 117.557
73 N 120.365
74 N 109.858
75 N 120.115
76 N 110.872
77 N 115.581
78 N 114.817
79 N 110.687
80 N 108.314
81 N 120.168
82 N 110.974
83 N 115.499
84 N 117.628
85 N 121.841
86 N 116.460
87 N 117.490
88 N 121.762
89 N 116.492
90 N 117.486
91 N 121.840
92 N 110.337
93 N 119.588
95 N 116.528
96 N 117.041
97 N 122.728
99 N 108.590
100 N 120.029
101 N 111.084
102 N 119.520
103 N 122.713
105 N 125.577
107 N 115.703
108 N 117.544
109 N 114.889
110 N 117.745
111 N 110.712
112 N 115.426
113 N 122.264
114 N 110.645
115 N 115.582
116 N 117.692
117 N 117.710
118 N 121.864
119 N 116.605
120 N 117.604
121 N 117.350
122 N 121.931
123 N 110.638
124 N 120.462
126 N 120.695
127 N 116.845
128 N 110.744
129 N 115.366
131 N 117.091
132 N 121.868
133 N 122.487
135 N 115.524
136 N 122.063
137 N 110.805
138 N 108.240
139 N 119.666
140 N 121.518
141 N 121.499
142 N 116.662
143 N 122.109
144 N 110.237
145 N 119.724
146 N 121.352
147 N 121.436
148 N 116.739
149 N 122.372
150 N 123.162
153 N 120.034
154 N 110.005
155 N 120.027
156 N 110.881
157 N 119.642
158 N 121.080
159 N 119.561
160 N 120.191
161 N 120.535
162 N 120.533
163 N 121.384
3 C 174.389
4 C 174.622
7 C 174.725
8 C 176.008
9 C 175.941
10 C 178.033
11 C 174.595
12 C 175.697
13 C 174.115
14 C 176.270
15 C 173.344
16 C 176.896
17 C 174.036
19 C 174.391
20 C 173.893
22 C 174.216
23 C 176.399
24 C 173.808
25 C 175.946
26 C 174.320
27 C 175.999
28 C 176.061
29 C 174.480
30 C 174.035
31 C 174.017
33 C 176.496
34 C 174.027
35 C 175.993
36 C 175.802
37 C 174.121
38 C 175.848
39 C 174.666
40 C 173.621
41 C 175.840
42 C 174.080
43 C 175.963
44 C 174.844
45 C 174.312
46 C 176.781
47 C 175.190
48 C 175.146
49 C 174.109
50 C 176.656
51 C 174.133
52 C 176.194
53 C 174.595
54 C 174.187
55 C 175.857
56 C 174.382
57 C 174.320
58 C 176.496
59 C 174.144
60 C 176.221
61 C 174.542
62 C 175.688
63 C 175.421
64 C 175.048
65 C 173.905
67 C 174.389
68 C 174.746
69 C 175.857
70 C 174.213
71 C 172.889
73 C 176.443
74 C 173.879
75 C 176.496
76 C 174.227
77 C 175.133
78 C 175.208
79 C 174.419
80 C 173.959
81 C 176.212
82 C 174.231
83 C 174.871
84 C 174.720
85 C 176.168
86 C 174.763
87 C 174.631
88 C 176.114
89 C 174.599
90 C 174.249
91 C 176.452
92 C 174.156
93 C 176.194
95 C 174.258
96 C 173.467
97 C 174.098
99 C 173.879
100 C 176.441
101 C 173.911
102 C 175.732
103 C 173.805
105 C 175.697
107 C 174.835
108 C 174.968
109 C 174.824
110 C 174.986
111 C 174.104
112 C 174.311
113 C 176.425
114 C 174.209
115 C 174.871
116 C 174.755
117 C 174.604
118 C 176.097
119 C 174.728
120 C 174.613
121 C 174.169
122 C 176.292
123 C 173.620
124 C 174.133
126 C 176.150
127 C 175.013
128 C 174.080
129 C 174.261
131 C 174.080
132 C 175.590
133 C 173.982
135 C 174.275
136 C 176.319
137 C 174.643
138 C 174.145
139 C 176.159
140 C 175.972
141 C 175.772
142 C 174.142
143 C 176.408
144 C 174.133
145 C 176.128
146 C 175.998
147 C 175.790
148 C 173.725
149 C 174.694
150 C 178.220
153 C 176.496
154 C 173.781
155 C 176.532
156 C 174.113
157 C 176.110
158 C 175.723
159 C 174.977
160 C 175.484
161 C 175.454
162 C 174.080
163 C 178.529
3 CB 63.624
4 CB 38.788
7 CB 69.650
8 CB 28.999
9 CB 29.227
10 CB 19.051
11 CB 69.693
12 CB 29.388
13 CB 63.752
14 CB 38.620
16 CB 19.265
17 CB 38.127
19 CB 69.824
20 CB 28.860
23 CB 29.391
25 CB 38.461
26 CB 63.868
27 CB 29.190
28 CB 29.244
29 CB 63.763
30 CB 63.709
31 CB 28.869
33 CB 38.461
35 CB 29.330
36 CB 29.296
37 CB 63.752
38 CB 38.696
39 CB 63.715
41 CB 38.788
42 CB 63.844
43 CB 29.411
44 CB 63.706
45 CB 69.609
46 CB 41.048
47 CB 69.201
48 CB 63.713
50 CB 38.460
52 CB 29.261
53 CB 63.740
54 CB 63.667
55 CB 38.518
56 CB 63.889
57 CB 63.726
58 CB 38.503
60 CB 29.348
61 CB 63.752
62 CB 29.247
63 CB 38.685
64 CB 69.606
68 CB 69.751
69 CB 29.379
70 CB 63.752
71 CB 69.627
73 CB 29.313
75 CB 38.690
77 CB 63.852
78 CB 69.635
81 CB 38.611
83 CB 63.910
84 CB 63.717
85 CB 29.230
86 CB 63.752
87 CB 63.653
88 CB 29.230
89 CB 63.740
90 CB 63.681
91 CB 38.472
93 CB 29.304
95 CB 63.763
96 CB 63.739
97 CB 38.066
100 CB 38.625
102 CB 29.391
103 CB 28.727
105 CB 17.884
107 CB 63.738
108 CB 63.792
109 CB 69.606
110 CB 63.726
112 CB 63.735
113 CB 38.552
115 CB 63.881
116 CB 63.761
117 CB 63.731
118 CB 29.230
119 CB 63.740
120 CB 63.705
121 CB 63.667
122 CB 38.606
124 CB 28.660
126 CB 29.313
127 CB 63.775
129 CB 63.735
131 CB 63.741
132 CB 29.307
133 CB 28.742
135 CB 63.735
136 CB 38.611
139 CB 29.261
140 CB 29.207
141 CB 29.305
142 CB 63.763
143 CB 38.645
145 CB 29.304
146 CB 29.209
147 CB 29.326
148 CB 63.752
149 CB 38.964
150 CB 39.142
153 CB 29.240
155 CB 38.679
157 CB 29.261
158 CB 29.198
159 CB 38.710
160 CB 29.204
161 CB 38.516
162 CB 39.224
163 CB 64.805
